app/build/outputs/mapping/unsignedRelease/seeds.txt
net.k1ra.kirino.Feed_DB
net.k1ra.kirino.Feed_DB_Impl
net.k1ra.kirino.Media_DB
net.k1ra.kirino.Media_DB_Impl
net.k1ra.kirino.R$anim: int abc_fade_in
net.k1ra.kirino.R$anim: int abc_fade_out
net.k1ra.kirino.R$anim: int abc_grow_fade_in_from_bottom
net.k1ra.kirino.R$anim: int abc_popup_enter
net.k1ra.kirino.R$anim: int abc_popup_exit
net.k1ra.kirino.R$anim: int abc_shrink_fade_out_from_bottom
net.k1ra.kirino.R$anim: int abc_slide_in_bottom
net.k1ra.kirino.R$anim: int abc_slide_in_top
net.k1ra.kirino.R$anim: int abc_slide_out_bottom
net.k1ra.kirino.R$anim: int abc_slide_out_top
net.k1ra.kirino.R$anim: int design_bottom_sheet_slide_in
net.k1ra.kirino.R$anim: int design_bottom_sheet_slide_out
net.k1ra.kirino.R$anim: int design_snackbar_in
net.k1ra.kirino.R$anim: int design_snackbar_out
net.k1ra.kirino.R$anim: int tooltip_enter
net.k1ra.kirino.R$anim: int tooltip_exit
net.k1ra.kirino.R$animator: int design_appbar_state_list_animator
net.k1ra.kirino.R$array: int seasons
net.k1ra.kirino.R$attr: int actionBarDivider
net.k1ra.kirino.R$attr: int actionBarItemBackground
net.k1ra.kirino.R$attr: int actionBarPopupTheme
net.k1ra.kirino.R$attr: int actionBarSize
net.k1ra.kirino.R$attr: int actionBarSplitStyle
net.k1ra.kirino.R$attr: int actionBarStyle
net.k1ra.kirino.R$attr: int actionBarTabBarStyle
net.k1ra.kirino.R$attr: int actionBarTabStyle
net.k1ra.kirino.R$attr: int actionBarTabTextStyle
net.k1ra.kirino.R$attr: int actionBarTheme
net.k1ra.kirino.R$attr: int actionBarWidgetTheme
net.k1ra.kirino.R$attr: int actionButtonStyle
net.k1ra.kirino.R$attr: int actionDropDownStyle
net.k1ra.kirino.R$attr: int actionLayout
net.k1ra.kirino.R$attr: int actionMenuTextAppearance
net.k1ra.kirino.R$attr: int actionMenuTextColor
net.k1ra.kirino.R$attr: int actionModeBackground
net.k1ra.kirino.R$attr: int actionModeCloseButtonStyle
net.k1ra.kirino.R$attr: int actionModeCloseDrawable
net.k1ra.kirino.R$attr: int actionModeCopyDrawable
net.k1ra.kirino.R$attr: int actionModeCutDrawable
net.k1ra.kirino.R$attr: int actionModeFindDrawable
net.k1ra.kirino.R$attr: int actionModePasteDrawable
net.k1ra.kirino.R$attr: int actionModePopupWindowStyle
net.k1ra.kirino.R$attr: int actionModeSelectAllDrawable
net.k1ra.kirino.R$attr: int actionModeShareDrawable
net.k1ra.kirino.R$attr: int actionModeSplitBackground
net.k1ra.kirino.R$attr: int actionModeStyle
net.k1ra.kirino.R$attr: int actionModeWebSearchDrawable
net.k1ra.kirino.R$bool: int abc_action_bar_embed_tabs
net.k1ra.kirino.R$bool: int abc_allow_stacked_button_bar
net.k1ra.kirino.R$bool: int abc_config_actionMenuItemAllCaps
net.k1ra.kirino.R$bool: int abc_config_closeDialogWhenTouchOutside
net.k1ra.kirino.R$bool: int abc_config_showMenuShortcutsWhenKeyboardPresent
...
com.google.firebase.iid.IRpc
com.google.firebase.iid.IRpc: com.google.android.gms.tasks.Task buildChannel(java.lang.String)
com.google.firebase.iid.IRpc: com.google.android.gms.tasks.Task getToken(java.lang.String,java.lang.String,java.lang.String)
com.google.firebase.iid.IRpc: com.google.android.gms.tasks.Task deleteToken(java.lang.String,java.lang.String,java.lang.String)
com.google.firebase.iid.IRpc: com.google.android.gms.tasks.Task deleteInstanceId(java.lang.String)
com.google.firebase.iid.IRpc: com.google.android.gms.tasks.Task ackMessage(java.lang.String)
com.google.firebase.iid.IRpc: com.google.android.gms.tasks.Task subscribeToTopic(java.lang.String,java.lang.String,java.lang.String)
com.google.firebase.iid.IRpc: com.google.android.gms.tasks.Task unsubscribeFromTopic(java.lang.String,java.lang.String,java.lang.String)
com.google.firebase.iid.Registrar
com.google.firebase.iid.Registrar: Registrar()
com.google.firebase.iid.Registrar: java.util.List getComponents()
com.google.firebase.iid.zzaf
com.google.firebase.iid.zzb: zzb()
com.google.firebase.iid.zzi: android.os.Parcelable$Creator CREATOR
com.google.firebase.internal.api.FirebaseNoSignedInUserException
com.google.firebase.provider.FirebaseInitProvider
com.google.firebase.provider.FirebaseInitProvider: FirebaseInitProvider()
com.squareup.picasso.MediaStoreRequestHandler$PicassoKind: com.squareup.picasso.MediaStoreRequestHandler$PicassoKind[] values()
com.squareup.picasso.MediaStoreRequestHandler$PicassoKind: com.squareup.picasso.MediaStoreRequestHandler$PicassoKind valueOf(java.lang.String)
com.squareup.picasso.MemoryPolicy: com.squareup.picasso.MemoryPolicy[] values()
com.squareup.picasso.MemoryPolicy: com.squareup.picasso.MemoryPolicy valueOf(java.lang.String)
com.squareup.picasso.NetworkPolicy: com.squareup.picasso.NetworkPolicy[] values()
com.squareup.picasso.NetworkPolicy: com.squareup.picasso.NetworkPolicy valueOf(java.lang.String)
com.squareup.picasso.Picasso$LoadedFrom: com.squareup.picasso.Picasso$LoadedFrom[] values()
com.squareup.picasso.Picasso$LoadedFrom: com.squareup.picasso.Picasso$LoadedFrom valueOf(java.lang.String)
com.squareup.picasso.Picasso$Priority: com.squareup.picasso.Picasso$Priority[] values()
com.squareup.picasso.Picasso$Priority: com.squareup.picasso.Picasso$Priority valueOf(java.lang.String)
com.squareup.picasso.PicassoProvider
com.squareup.picasso.PicassoProvider: PicassoProvider()
io.fabric.sdk.android.InitializationException
io.fabric.sdk.android.services.common.CommonUtils$Architecture: io.fabric.sdk.android.services.common.CommonUtils$Architecture[] values()
io.fabric.sdk.android.services.common.CommonUtils$Architecture: io.fabric.sdk.android.services.common.CommonUtils$Architecture valueOf(java.lang.String)
io.fabric.sdk.android.services.common.DeliveryMechanism: io.fabric.sdk.android.services.common.DeliveryMechanism[] values()
io.fabric.sdk.android.services.common.DeliveryMechanism: io.fabric.sdk.android.services.common.DeliveryMechanism valueOf(java.lang.String)
io.fabric.sdk.android.services.common.IdManager$DeviceIdentifierType: io.fabric.sdk.android.services.common.IdManager$DeviceIdentifierType[] values()
io.fabric.sdk.android.services.common.IdManager$DeviceIdentifierType: io.fabric.sdk.android.services.common.IdManager$DeviceIdentifierType valueOf(java.lang.String)
io.fabric.sdk.android.services.concurrency.AsyncTask$Status: io.fabric.sdk.android.services.concurrency.AsyncTask$Status[] values()
io.fabric.sdk.android.services.concurrency.AsyncTask$Status: io.fabric.sdk.android.services.concurrency.AsyncTask$Status valueOf(java.lang.String)
io.fabric.sdk.android.services.concurrency.Priority: io.fabric.sdk.android.services.concurrency.Priority[] values()
io.fabric.sdk.android.services.concurrency.Priority: io.fabric.sdk.android.services.concurrency.Priority valueOf(java.lang.String)
io.fabric.sdk.android.services.concurrency.UnmetDependencyException