app/build/outputs/mapping/unsignedRelease/mapping.txt
net.k1ra.kirino.AL_name_to_gelbooru_tag -> net.k1ra.kirino.a:
    java.lang.String tag -> a
    int i -> b
    boolean run -> c
    java.util.List possible_rearrangements -> d
    int possible_rearr_index -> e
    27:146:java.lang.String convert(java.lang.String,java.lang.String,java.lang.String,android.content.SharedPreferences) -> a
    19:23:void <clinit>() -> <clinit>
net.k1ra.kirino.AL_name_to_gelbooru_tag$1 -> net.k1ra.kirino.a$1:
    net.k1ra.kirino.NetworkResponse val$out -> a
    java.lang.String val$media -> b
    58:58:void <init>(net.k1ra.kirino.NetworkResponse,java.lang.String) -> <init>
    62:136:void run() -> run
net.k1ra.kirino.AL_name_to_gelbooru_tag$2 -> net.k1ra.kirino.a$2:
    138:138:void <init>() -> <init>
    141:143:void run() -> run
net.k1ra.kirino.Character -> net.k1ra.kirino.b:
    int id -> a
    java.lang.String ALid -> b
    java.lang.String image_URL -> c
    java.lang.String name -> d
    java.lang.String description -> e
    java.lang.String media -> f
    17:22:void <init>(java.lang.String,java.lang.String,java.lang.String,java.lang.String) -> <init>
net.k1ra.kirino.Character_DaoAccess -> net.k1ra.kirino.c:
    void insert_single(net.k1ra.kirino.Character) -> a
    void insert_list(java.util.List) -> a
    net.k1ra.kirino.Character fetch(int) -> a
    java.util.List fetch_list() -> a
    void delete(java.lang.String) -> a
    void nuke() -> b
    void update(net.k1ra.kirino.Character) -> b
net.k1ra.kirino.Character_DaoAccess_Impl -> net.k1ra.kirino.d:
    android.arch.persistence.room.RoomDatabase __db -> a
    android.arch.persistence.room.EntityInsertionAdapter __insertionAdapterOfCharacter -> b
    android.arch.persistence.room.EntityDeletionOrUpdateAdapter __updateAdapterOfCharacter -> c
    android.arch.persistence.room.SharedSQLiteStatement __preparedStmtOfDelete -> d
    android.arch.persistence.room.SharedSQLiteStatement __preparedStmtOfNuke -> e
    28:117:void <init>(android.arch.persistence.room.RoomDatabase) -> <init>
    121:128:void insert_single(net.k1ra.kirino.Character) -> a
    132:139:void insert_list(java.util.List) -> a
    143:150:void update(net.k1ra.kirino.Character) -> b
    154:169:void delete(java.lang.String) -> a
    173:182:void nuke() -> b
    186:217:net.k1ra.kirino.Character fetch(int) -> a
    223:252:java.util.List fetch_list() -> a
net.k1ra.kirino.Character_DaoAccess_Impl$1 -> net.k1ra.kirino.d$1:
    net.k1ra.kirino.Character_DaoAccess_Impl this$0 -> a
    30:30:void <init>(net.k1ra.kirino.Character_DaoAccess_Impl,android.arch.persistence.room.RoomDatabase) -> <init>
    33:33:java.lang.String createQuery() -> a
    38:64:void bind(android.arch.persistence.db.SupportSQLiteStatement,net.k1ra.kirino.Character) -> a
    30:30:void bind(android.arch.persistence.db.SupportSQLiteStatement,java.lang.Object) -> a
net.k1ra.kirino.Character_DaoAccess_Impl$2 -> net.k1ra.kirino.d$2:
    net.k1ra.kirino.Character_DaoAccess_Impl this$0 -> a
    66:66:void <init>(net.k1ra.kirino.Character_DaoAccess_Impl,android.arch.persistence.room.RoomDatabase) -> <init>
    69:69:java.lang.String createQuery() -> a
    74:101:void bind(android.arch.persistence.db.SupportSQLiteStatement,net.k1ra.kirino.Character) -> a
    66:66:void bind(android.arch.persistence.db.SupportSQLiteStatement,java.lang.Object) -> a
net.k1ra.kirino.Character_DaoAccess_Impl$3 -> net.k1ra.kirino.d$3:
    net.k1ra.kirino.Character_DaoAccess_Impl this$0 -> a
    103:103:void <init>(net.k1ra.kirino.Character_DaoAccess_Impl,android.arch.persistence.room.RoomDatabase) -> <init>
    106:107:java.lang.String createQuery() -> a
net.k1ra.kirino.Character_DaoAccess_Impl$4 -> net.k1ra.kirino.d$4:
    net.k1ra.kirino.Character_DaoAccess_Impl this$0 -> a
    110:110:void <init>(net.k1ra.kirino.Character_DaoAccess_Impl,android.arch.persistence.room.RoomDatabase) -> <init>
    113:114:java.lang.String createQuery() -> a
...
android.support.design.widget.Snackbar$SnackbarLayout -> android.support.design.widget.Snackbar$SnackbarLayout:
    326:327:void <init>(android.content.Context) -> <init>
    330:331:void <init>(android.content.Context,android.util.AttributeSet) -> <init>
    335:350:void onMeasure(int,int) -> onMeasure
android.support.design.widget.SnackbarManager -> android.support.design.widget.l:
    android.support.design.widget.SnackbarManager sSnackbarManager -> a
    java.lang.Object mLock -> b
    android.os.Handler mHandler -> c
    android.support.design.widget.SnackbarManager$SnackbarRecord mCurrentSnackbar -> d
    android.support.design.widget.SnackbarManager$SnackbarRecord mNextSnackbar -> e
    38:41:android.support.design.widget.SnackbarManager getInstance() -> a
    50:63:void <init>() -> <init>
    103:110:void dismiss(android.support.design.widget.SnackbarManager$Callback,int) -> a
    117:126:void onDismissed(android.support.design.widget.SnackbarManager$Callback) -> a
    133:138:void onShown(android.support.design.widget.SnackbarManager$Callback) -> b
    141:147:void pauseTimeout(android.support.design.widget.SnackbarManager$Callback) -> c
    150:156:void restoreTimeoutIfPaused(android.support.design.widget.SnackbarManager$Callback) -> d
    165:167:boolean isCurrentOrNext(android.support.design.widget.SnackbarManager$Callback) -> e
    186:198:void showNextSnackbarLocked() -> b
    201:208:boolean cancelSnackbarLocked(android.support.design.widget.SnackbarManager$SnackbarRecord,int) -> a
    212:212:boolean isCurrentSnackbarLocked(android.support.design.widget.SnackbarManager$Callback) -> f
    216:216:boolean isNextSnackbarLocked(android.support.design.widget.SnackbarManager$Callback) -> g
android.support.design.widget.SnackbarManager$1 -> android.support.design.widget.l$1:
    android.support.design.widget.SnackbarManager this$0 -> a
    52:52:void <init>(android.support.design.widget.SnackbarManager) -> <init>
    55:60:boolean handleMessage(android.os.Message) -> handleMessage
android.support.design.widget.SnackbarManager$Callback -> android.support.design.widget.l$a:
    void show() -> a
    void dismiss(int) -> a
android.support.design.widget.SnackbarManager$SnackbarRecord -> android.support.design.widget.l$b:
    java.lang.ref.WeakReference callback -> a
    int duration -> b
    boolean paused -> c
    181:181:boolean isSnackbar(android.support.design.widget.SnackbarManager$Callback) -> a
android.support.design.widget.StateListAnimator -> android.support.design.widget.m:
    java.util.ArrayList mTuples -> b
    android.support.design.widget.StateListAnimator$Tuple mLastMatch -> c
    android.animation.ValueAnimator mRunningAnimator -> a
    android.animation.Animator$AnimatorListener mAnimationListener -> d
    26:107:void <init>() -> <init>
    51:54:void addState(int[],android.animation.ValueAnimator) -> a
    60:81:void setState(int[]) -> a
    84:86:void start(android.support.design.widget.StateListAnimator$Tuple) -> a
    89:93:void cancel() -> b
    101:105:void jumpToCurrentState() -> a
android.support.design.widget.StateListAnimator$1 -> android.support.design.widget.m$1:
    android.support.design.widget.StateListAnimator this$0 -> a
    34:34:void <init>(android.support.design.widget.StateListAnimator) -> <init>
    37:40:void onAnimationEnd(android.animation.Animator) -> onAnimationEnd
android.support.design.widget.StateListAnimator$Tuple -> android.support.design.widget.m$a:
    int[] mSpecs -> a
    android.animation.ValueAnimator mAnimator -> b
    111:114:void <init>(int[],android.animation.ValueAnimator) -> <init>