app/build/outputs/mapping/unsignedRelease/usage.txt
net.k1ra.kirino.AL_name_to_gelbooru_tag:
    18:18:public AL_name_to_gelbooru_tag()
net.k1ra.kirino.BuildConfig
net.k1ra.kirino.Errors:
    12:12:public Errors()
net.k1ra.kirino.Feed_DB_Impl:
    93:106:public void clearAllTables()
net.k1ra.kirino.Feed_DaoAccess:
    public abstract net.k1ra.kirino.FeedItem fetch(int)
    public abstract java.util.List fetch_all_no_limit()
net.k1ra.kirino.Feed_DaoAccess_Impl:
    114:137:public net.k1ra.kirino.FeedItem fetch(int)
    170:191:public java.util.List fetch_all_no_limit()
net.k1ra.kirino.Loading:
    8:8:public Loading()
net.k1ra.kirino.Manifest
net.k1ra.kirino.Manifest$permission
net.k1ra.kirino.Media_DB_Impl:
    114:127:public void clearAllTables()
net.k1ra.kirino.NetworkRequest:
    39:39:NetworkRequest()
net.k1ra.kirino.NetworkRequest$CR_params:
    602:602:NetworkRequest$CR_params()
net.k1ra.kirino.R
net.k1ra.kirino.R$anim
net.k1ra.kirino.R$animator
net.k1ra.kirino.R$array
net.k1ra.kirino.R$attr
net.k1ra.kirino.R$bool
net.k1ra.kirino.R$color
net.k1ra.kirino.R$dimen
net.k1ra.kirino.R$drawable
net.k1ra.kirino.R$id
net.k1ra.kirino.R$integer
net.k1ra.kirino.R$layout
net.k1ra.kirino.R$mipmap
net.k1ra.kirino.R$string
net.k1ra.kirino.R$style
net.k1ra.kirino.R$styleable
net.k1ra.kirino.Tools:
    76:76:public Tools()
net.k1ra.kirino.character_DB_Impl:
    96:109:public void clearAllTables()
net.k1ra.kirino.fullscreen_chrome:
    private static final int UI_ANIMATION_DELAY
net.k1ra.kirino.fullscreen_manga_reader:
    private static final boolean AUTO_HIDE
    private static final int AUTO_HIDE_DELAY_MILLIS
    private static final int UI_ANIMATION_DELAY
net.k1ra.kirino.fullscreen_manga_reader$OnSwipeTouchListener$GestureListener:
    private static final int SWIPE_DISTANCE_THRESHOLD
    private static final int SWIPE_VELOCITY_THRESHOLD
net.k1ra.kirino.fullscreen_video:
    private static final int UI_ANIMATION_DELAY
...
android.support.v7.recyclerview.R$style
android.support.v7.recyclerview.R$styleable:
    132:132:public R$styleable()
android.support.v7.text.AllCapsTransformationMethod
android.support.v7.util.AsyncListUtil
android.support.v7.util.AsyncListUtil$1
android.support.v7.util.AsyncListUtil$2
android.support.v7.util.AsyncListUtil$DataCallback
android.support.v7.util.AsyncListUtil$ViewCallback
android.support.v7.util.BatchingListUpdateCallback
android.support.v7.util.DiffUtil
android.support.v7.util.DiffUtil$1
android.support.v7.util.DiffUtil$Callback
android.support.v7.util.DiffUtil$DiffResult
android.support.v7.util.DiffUtil$DiffResult$1
android.support.v7.util.DiffUtil$PostponedUpdate
android.support.v7.util.DiffUtil$Range
android.support.v7.util.DiffUtil$Snake
android.support.v7.util.ListUpdateCallback
android.support.v7.util.MessageThreadUtil
android.support.v7.util.MessageThreadUtil$1
android.support.v7.util.MessageThreadUtil$1$1
android.support.v7.util.MessageThreadUtil$2
android.support.v7.util.MessageThreadUtil$2$1
android.support.v7.util.MessageThreadUtil$MessageQueue
android.support.v7.util.MessageThreadUtil$SyncQueueItem
android.support.v7.util.SortedList
android.support.v7.util.SortedList$BatchedCallback
android.support.v7.util.SortedList$Callback
android.support.v7.util.ThreadUtil
android.support.v7.util.ThreadUtil$BackgroundCallback
android.support.v7.util.ThreadUtil$MainThreadCallback
android.support.v7.util.TileList
android.support.v7.util.TileList$Tile
android.support.v7.view.ActionMode:
    224:224:public boolean isUiFocusable()
android.support.v7.view.ContextThemeWrapper:
    103:111:public void applyOverrideConfiguration(android.content.res.Configuration)
    119:119:public android.content.res.Configuration getOverrideConfiguration()
android.support.v7.view.StandaloneActionMode:
    144:144:public void onCloseMenu(android.support.v7.view.menu.MenuBuilder,boolean)
    147:152:public boolean onSubMenuSelected(android.support.v7.view.menu.SubMenuBuilder)
    156:156:public void onCloseSubMenu(android.support.v7.view.menu.SubMenuBuilder)
    166:166:public boolean isUiFocusable()
android.support.v7.view.SupportMenuInflater:
    static final java.lang.String LOG_TAG
    private static final java.lang.String XML_MENU
    private static final java.lang.String XML_GROUP
    private static final java.lang.String XML_ITEM
    static final int NO_ID
android.support.v7.view.SupportMenuInflater$MenuState:
    private static final int defaultGroupId
    private static final int defaultItemId
    private static final int defaultItemCategory
    private static final int defaultItemOrder
    private static final int defaultItemCheckable
    private static final boolean defaultItemChecked
    private static final boolean defaultItemVisible
    private static final boolean defaultItemEnabled
android.support.v7.view.menu.ActionMenuItem:
    private static final int NO_ICON
    private static final int CHECKABLE
    private static final int CHECKED
    private static final int EXCLUSIVE
    private static final int HIDDEN
    private static final int ENABLED
    201:202:public android.support.v7.view.menu.ActionMenuItem setExclusiveCheckable(boolean)
    302:311:public boolean invoke()
android.support.v7.view.menu.ActionMenuItemView:
    private static final java.lang.String TAG
    private static final int MAX_ICON_SIZE
    242:242:public void setShortcut(boolean,char)
    253:253:public boolean showsIcon()
android.support.v7.view.menu.BaseMenuPresenter:
    242:242:public int getId()
android.support.v7.view.menu.BaseWrapper:
    31:31:public java.lang.Object getWrappedObject()